<?xml version="1.0" encoding="UTF-8"?>
<!-- Generated by org.testng.reporters.JUnitReportReporter -->
<testsuite hostname="DESKTOP-BEBTCQ0" failures="0" tests="2" name="demoP.DemoTest" time="14.996" errors="0" timestamp="2024-04-24T18:58:12 IST" skipped="0">
  <testcase classname="demoP.DemoTest" name="firstTestNGTest" time="14.994"/>
  <system-out/>
  <testcase classname="demoP.DemoTest" name="SencondTestNGTest" time="0.002"/>
  <system-out/>
</testsuite> <!-- demoP.DemoTest -->
