<?xml version="1.0" encoding="UTF-8"?>
<!-- Generated by org.testng.reporters.JUnitReportReporter -->
<testsuite hostname="DESKTOP-BEBTCQ0" failures="0" tests="1" name="zPractice.TestOHRMApp" time="51.234" errors="0" timestamp="2024-04-29T20:17:54 IST" skipped="0">
  <testcase classname="zPractice.TestOHRMApp" name="firstTestNGTest" time="51.234"/>
  <system-out/>
</testsuite> <!-- zPractice.TestOHRMApp -->
