<?xml version="1.0" encoding="UTF-8"?>
<!-- Generated by org.testng.reporters.JUnitReportReporter -->
<testsuite hostname="DESKTOP-BEBTCQ0" failures="0" tests="1" name="zPractice.GitTestClass" time="0.047" errors="0" timestamp="2024-05-03T19:35:45 IST" skipped="0">
  <testcase classname="zPractice.GitTestClass" name="demoTest" time="0.047"/>
  <system-out/>
</testsuite> <!-- zPractice.GitTestClass -->
