<?xml version="1.0" encoding="UTF-8"?>
<!-- Generated by org.testng.reporters.JUnitReportReporter -->
<testsuite hostname="DESKTOP-BEBTCQ0" failures="0" tests="1" name="zPractice.HRMResetPassTest" time="24.917" errors="0" timestamp="2024-05-03T20:25:54 IST" skipped="0">
  <testcase classname="zPractice.HRMResetPassTest" name="resetPasswordTest" time="24.917"/>
  <system-out/>
</testsuite> <!-- zPractice.HRMResetPassTest -->
