<?xml version="1.0" encoding="UTF-8"?>
<!-- Generated by org.testng.reporters.JUnitReportReporter -->
<testsuite hostname="DESKTOP-BEBTCQ0" failures="0" tests="1" name="zPractice.DemoTest" time="0.049" errors="0" timestamp="2024-04-29T07:55:37 IST" skipped="0">
  <testcase classname="zPractice.DemoTest" name="firstTestNGTest" time="0.049"/>
  <system-out/>
</testsuite> <!-- zPractice.DemoTest -->
